<?xml version="1.0" encoding="UTF-8"?>
<!-- Generated by org.testng.reporters.JUnitReportReporter -->
<testsuite hostname="julia16" name="executeTestCases.ExecuteTestCasesLoginPage" tests="5" failures="0" timestamp="7 Mar 2018 20:43:35 GMT" time="5.290" errors="0">
  <testcase name="testPages" time="0.732" classname="executeTestCases.ExecuteTestCasesLoginPage"/>
  <testcase name="testPages" time="1.197" classname="executeTestCases.ExecuteTestCasesLoginPage"/>
  <testcase name="testPages" time="1.090" classname="executeTestCases.ExecuteTestCasesLoginPage"/>
  <testcase name="testPages" time="1.414" classname="executeTestCases.ExecuteTestCasesLoginPage"/>
  <testcase name="testPages" time="0.857" classname="executeTestCases.ExecuteTestCasesLoginPage"/>
</testsuite> <!-- executeTestCases.ExecuteTestCasesLoginPage -->
