<?xml version="1.0" encoding="UTF-8"?>
<!-- Generated by org.testng.reporters.JUnitReportReporter -->
<testsuite hostname="julia16" name="executeTestCases.ExecuteTestCasesGetNewPage" tests="7" failures="0" timestamp="7 Mar 2018 15:04:02 GMT" time="26.717" errors="0">
  <testcase name="testGetNewPage" time="2.564" classname="executeTestCases.ExecuteTestCasesGetNewPage"/>
  <testcase name="testGetNewPage" time="11.788" classname="executeTestCases.ExecuteTestCasesGetNewPage"/>
  <testcase name="testGetNewPage" time="1.538" classname="executeTestCases.ExecuteTestCasesGetNewPage"/>
  <testcase name="testGetNewPage" time="2.044" classname="executeTestCases.ExecuteTestCasesGetNewPage"/>
  <testcase name="testGetNewPage" time="2.677" classname="executeTestCases.ExecuteTestCasesGetNewPage"/>
  <testcase name="testGetNewPage" time="2.206" classname="executeTestCases.ExecuteTestCasesGetNewPage"/>
  <testcase name="testGetNewPage" time="3.900" classname="executeTestCases.ExecuteTestCasesGetNewPage"/>
</testsuite> <!-- executeTestCases.ExecuteTestCasesGetNewPage -->
