<?xml version="1.0" encoding="UTF-8"?>
<!-- Generated by org.testng.reporters.JUnitReportReporter -->
<testsuite hostname="julia16" name="executeTestCases.ExecuteTestCasesGetNewPage" tests="7" failures="0" timestamp="7 Mar 2018 20:44:52 GMT" time="24.828" errors="0">
  <testcase name="testGetNewPage" time="2.151" classname="executeTestCases.ExecuteTestCasesGetNewPage"/>
  <testcase name="testGetNewPage" time="11.525" classname="executeTestCases.ExecuteTestCasesGetNewPage"/>
  <testcase name="testGetNewPage" time="1.335" classname="executeTestCases.ExecuteTestCasesGetNewPage"/>
  <testcase name="testGetNewPage" time="2.193" classname="executeTestCases.ExecuteTestCasesGetNewPage"/>
  <testcase name="testGetNewPage" time="2.148" classname="executeTestCases.ExecuteTestCasesGetNewPage"/>
  <testcase name="testGetNewPage" time="1.977" classname="executeTestCases.ExecuteTestCasesGetNewPage"/>
  <testcase name="testGetNewPage" time="3.499" classname="executeTestCases.ExecuteTestCasesGetNewPage"/>
</testsuite> <!-- executeTestCases.ExecuteTestCasesGetNewPage -->
