<?xml version="1.0" encoding="UTF-8"?>
<!-- Generated by org.testng.reporters.JUnitReportReporter -->
<testsuite hostname="julia16" name="com.moneykeydemo.ExecuteTestCases" tests="7" failures="0" timestamp="25 Feb 2018 16:52:33 GMT" time="25.736" errors="0">
  <testcase name="testGetNewPage" time="11.617" classname="com.moneykeydemo.ExecuteTestCases"/>
  <testcase name="testGetNewPage" time="3.403" classname="com.moneykeydemo.ExecuteTestCases"/>
  <testcase name="testGetNewPage" time="1.452" classname="com.moneykeydemo.ExecuteTestCases"/>
  <testcase name="testGetNewPage" time="2.305" classname="com.moneykeydemo.ExecuteTestCases"/>
  <testcase name="testGetNewPage" time="2.199" classname="com.moneykeydemo.ExecuteTestCases"/>
  <testcase name="testGetNewPage" time="2.118" classname="com.moneykeydemo.ExecuteTestCases"/>
  <testcase name="testGetNewPage" time="2.642" classname="com.moneykeydemo.ExecuteTestCases"/>
</testsuite> <!-- com.moneykeydemo.ExecuteTestCases -->
