<?xml version="1.0" encoding="UTF-8"?>
<!-- Generated by org.testng.reporters.JUnitReportReporter -->
<testsuite hostname="julia16" name="moneykeydemoExecuteTC.ExecuteTestCases" tests="7" failures="0" timestamp="25 Feb 2018 17:13:22 GMT" time="28.632" errors="0">
  <testcase name="testGetNewPage" time="11.703" classname="moneykeydemoExecuteTC.ExecuteTestCases"/>
  <testcase name="testGetNewPage" time="4.285" classname="moneykeydemoExecuteTC.ExecuteTestCases"/>
  <testcase name="testGetNewPage" time="1.994" classname="moneykeydemoExecuteTC.ExecuteTestCases"/>
  <testcase name="testGetNewPage" time="2.718" classname="moneykeydemoExecuteTC.ExecuteTestCases"/>
  <testcase name="testGetNewPage" time="2.347" classname="moneykeydemoExecuteTC.ExecuteTestCases"/>
  <testcase name="testGetNewPage" time="2.503" classname="moneykeydemoExecuteTC.ExecuteTestCases"/>
  <testcase name="testGetNewPage" time="3.082" classname="moneykeydemoExecuteTC.ExecuteTestCases"/>
</testsuite> <!-- moneykeydemoExecuteTC.ExecuteTestCases -->
