<?xml version="1.0" encoding="UTF-8"?>
<!-- Generated by org.testng.reporters.JUnitReportReporter -->
<testsuite hostname="julia16" name="executeTestCases.ExecuteTestCases" tests="7" failures="0" timestamp="25 Feb 2018 17:22:55 GMT" time="25.613" errors="0">
  <testcase name="testGetNewPage" time="11.704" classname="executeTestCases.ExecuteTestCases"/>
  <testcase name="testGetNewPage" time="3.400" classname="executeTestCases.ExecuteTestCases"/>
  <testcase name="testGetNewPage" time="1.568" classname="executeTestCases.ExecuteTestCases"/>
  <testcase name="testGetNewPage" time="2.171" classname="executeTestCases.ExecuteTestCases"/>
  <testcase name="testGetNewPage" time="2.123" classname="executeTestCases.ExecuteTestCases"/>
  <testcase name="testGetNewPage" time="2.053" classname="executeTestCases.ExecuteTestCases"/>
  <testcase name="testGetNewPage" time="2.594" classname="executeTestCases.ExecuteTestCases"/>
</testsuite> <!-- executeTestCases.ExecuteTestCases -->
