<?xml version="1.0" encoding="UTF-8"?>
<!-- Generated by org.testng.reporters.JUnitReportReporter -->
<testsuite hostname="julia16" name="moneykeydemo.ExecuteTestCases" tests="6" failures="0" timestamp="24 Feb 2018 20:04:01 GMT" time="23.846" errors="0">
  <testcase name="testGetNewPage" time="4.031" classname="moneykeydemo.ExecuteTestCases"/>
  <testcase name="testGetNewPage" time="5.831" classname="moneykeydemo.ExecuteTestCases"/>
  <testcase name="testGetNewPage" time="2.685" classname="moneykeydemo.ExecuteTestCases"/>
  <testcase name="testGetNewPage" time="3.753" classname="moneykeydemo.ExecuteTestCases"/>
  <testcase name="testGetNewPage" time="3.546" classname="moneykeydemo.ExecuteTestCases"/>
  <testcase name="testGetNewPage" time="4.000" classname="moneykeydemo.ExecuteTestCases"/>
</testsuite> <!-- moneykeydemo.ExecuteTestCases -->
