<?xml version="1.0" encoding="UTF-8"?>
<!-- Generated by org.testng.reporters.JUnitReportReporter -->
<testsuite hostname="julia16" name="executeTestCases.ExecuteTestCasesGetNewPage" tests="7" failures="0" timestamp="26 Feb 2018 00:20:34 GMT" time="27.754" errors="0">
  <testcase name="testGetNewPage" time="3.880" classname="executeTestCases.ExecuteTestCasesGetNewPage"/>
  <testcase name="testGetNewPage" time="2.553" classname="executeTestCases.ExecuteTestCasesGetNewPage"/>
  <testcase name="testGetNewPage" time="11.767" classname="executeTestCases.ExecuteTestCasesGetNewPage"/>
  <testcase name="testGetNewPage" time="2.271" classname="executeTestCases.ExecuteTestCasesGetNewPage"/>
  <testcase name="testGetNewPage" time="1.592" classname="executeTestCases.ExecuteTestCasesGetNewPage"/>
  <testcase name="testGetNewPage" time="3.149" classname="executeTestCases.ExecuteTestCasesGetNewPage"/>
  <testcase name="testGetNewPage" time="2.542" classname="executeTestCases.ExecuteTestCasesGetNewPage"/>
</testsuite> <!-- executeTestCases.ExecuteTestCasesGetNewPage -->
