<?xml version="1.0" encoding="UTF-8"?>
<!-- Generated by org.testng.reporters.JUnitReportReporter -->
<testsuite hostname="julia16" name="executeTestCases.ExecuteTestCasesLoginPage" tests="5" failures="0" timestamp="26 Feb 2018 00:20:34 GMT" time="8.222" errors="0">
  <testcase name="testPages" time="0.936" classname="executeTestCases.ExecuteTestCasesLoginPage"/>
  <testcase name="testPages" time="1.423" classname="executeTestCases.ExecuteTestCasesLoginPage"/>
  <testcase name="testPages" time="1.074" classname="executeTestCases.ExecuteTestCasesLoginPage"/>
  <testcase name="testPages" time="3.248" classname="executeTestCases.ExecuteTestCasesLoginPage"/>
  <testcase name="testPages" time="1.541" classname="executeTestCases.ExecuteTestCasesLoginPage"/>
</testsuite> <!-- executeTestCases.ExecuteTestCasesLoginPage -->
